<!DOCTYPE html PUBLIC "-//W3C//DTD XHTML 1.1//EN" "http://www.w3.org/TR/xhtml11/DTD/xhtml11.dtd">
<html xmlns="http://www.w3.org/1999/xhtml">
<head>
<meta http-equiv="content-type" content="text/html; charset=UTF-8"/>
<title>TestNG Report</title>
<style type="text/css">table {margin-bottom:10px;border-collapse:collapse;empty-cells:show}th,td {border:1px solid #009;padding:.25em .5em}th {vertical-align:bottom}td {vertical-align:top}table a {font-weight:bold}.stripe td {background-color: #E6EBF9}.num {text-align:right}.passedodd td {background-color: #3F3}.passedeven td {background-color: #0A0}.skippedodd td {background-color: #DDD}.skippedeven td {background-color: #CCC}.failedodd td,.attn {background-color: #F33}.failedeven td,.stripe .attn {background-color: #D00}.stacktrace {white-space:pre;font-family:monospace}.totop {font-size:85%;text-align:center;border-bottom:2px solid #000}.invisible {display:none}</style>
</head>
<body>
<table>
<tr><th>Test</th><th># Passed</th><th># Skipped</th><th># Failed</th><th>Time (ms)</th><th>Included Groups</th><th>Excluded Groups</th></tr>
<tr><th colspan="7">Cyclos Project_Sanity Test Suite</th></tr>
<tr><td><a href="#t0">Chrome Test</a></td><td class="num">11</td><td class="num">0</td><td class="num attn">1</td><td class="num">116,106</td><td></td><td></td></tr>
<tr class="stripe"><td><a href="#t1">Firefox Test</a></td><td class="num">7</td><td class="num">0</td><td class="num attn">5</td><td class="num">130,427</td><td></td><td></td></tr>
<tr><th>Total</th><th class="num">18</th><th class="num">0</th><th class="num attn">6</th><th class="num">246,533</th><th colspan="2"></th></tr>
</table>
<table id='summary'><thead><tr><th>Class</th><th>Method</th><th>Start</th><th>Time (ms)</th></tr></thead><tbody><tr><th colspan="4">Cyclos Project_Sanity Test Suite</th></tr></tbody><tbody id="t0"><tr><th colspan="4">Chrome Test &#8212; failed</th></tr><tr class="failedeven"><td rowspan="1">com.training.sanity.tests.TestCaseID_CYTC_016</td><td><a href="#m0">testCase_ID_CYTC_016</a></td><td rowspan="1">1546601708151</td><td rowspan="1">1318</td></tr><tr><th colspan="4">Chrome Test &#8212; passed</th></tr><tr class="passedeven"><td rowspan="1">com.training.sanity.tests.AdminLogin</td><td><a href="#m1">adminLogin</a></td><td rowspan="1">1546601696948</td><td rowspan="1">11187</td></tr><tr class="passedodd"><td rowspan="1">com.training.sanity.tests.AdminLogout</td><td><a href="#m2">adminLogout</a></td><td rowspan="1">1546601738785</td><td rowspan="1">101</td></tr><tr class="passedeven"><td rowspan="1">com.training.sanity.tests.TestCaseID_CYTC_017</td><td><a href="#m3">testCase_ID_CYTC_017</a></td><td rowspan="1">1546601709479</td><td rowspan="1">9308</td></tr><tr class="passedodd"><td rowspan="1">com.training.sanity.tests.TestCaseID_CYTC_018</td><td><a href="#m4">testCase_ID_CYTC_018</a></td><td rowspan="1">1546601718793</td><td rowspan="1">9793</td></tr><tr class="passedeven"><td rowspan="1">com.training.sanity.tests.TestCaseID_CYTC_019</td><td><a href="#m5">testCase_ID_CYTC_019</a></td><td rowspan="1">1546601728594</td><td rowspan="1">4923</td></tr><tr class="passedodd"><td rowspan="1">com.training.sanity.tests.TestCaseID_CYTC_020</td><td><a href="#m6">testCase_ID_CYTC_020</a></td><td rowspan="1">1546601733519</td><td rowspan="1">5263</td></tr><tr class="passedeven"><td rowspan="1">com.training.sanity.tests.TestCaseID_CYTC_046</td><td><a href="#m7">testCase_ID_CYTC_046</a></td><td rowspan="1">1546601738896</td><td rowspan="1">15681</td></tr><tr class="passedodd"><td rowspan="1">com.training.sanity.tests.TestCaseID_CYTC_047</td><td><a href="#m8">testCase_ID_CYTC_047</a></td><td rowspan="1">1546601754587</td><td rowspan="1">10174</td></tr><tr class="passedeven"><td rowspan="1">com.training.sanity.tests.TestCaseID_CYTC_048</td><td><a href="#m9">testCase_ID_CYTC_048</a></td><td rowspan="1">1546601764765</td><td rowspan="1">12038</td></tr><tr class="passedodd"><td rowspan="1">com.training.sanity.tests.TestCaseID_CYTC_049</td><td><a href="#m10">testCase_ID_CYTC_049</a></td><td rowspan="1">1546601776806</td><td rowspan="1">20136</td></tr><tr class="passedeven"><td rowspan="1">com.training.sanity.tests.TestCaseID_CYTC_050</td><td><a href="#m11">testCase_ID_CYTC_050</a></td><td rowspan="1">1546601796946</td><td rowspan="1">8246</td></tr></tbody>
<tbody id="t1"><tr><th colspan="4">Firefox Test &#8212; failed (configuration methods)</th></tr><tr class="failedeven"><td rowspan="1">com.training.sanity.tests.AdminLogin</td><td><a href="#m12">tearDown</a></td><td rowspan="1">1546601916503</td><td rowspan="1">20023</td></tr><tr><th colspan="4">Firefox Test &#8212; failed</th></tr><tr class="failedeven"><td rowspan="1">com.training.sanity.tests.TestCaseID_CYTC_016</td><td><a href="#m13">testCase_ID_CYTC_016</a></td><td rowspan="1">1546601816108</td><td rowspan="1">1318</td></tr><tr class="failedodd"><td rowspan="1">com.training.sanity.tests.TestCaseID_CYTC_047</td><td><a href="#m14">testCase_ID_CYTC_047</a></td><td rowspan="1">1546601848742</td><td rowspan="1">7642</td></tr><tr class="failedeven"><td rowspan="1">com.training.sanity.tests.TestCaseID_CYTC_048</td><td><a href="#m15">testCase_ID_CYTC_048</a></td><td rowspan="1">1546601856387</td><td rowspan="1">20038</td></tr><tr class="failedodd"><td rowspan="1">com.training.sanity.tests.TestCaseID_CYTC_049</td><td><a href="#m16">testCase_ID_CYTC_049</a></td><td rowspan="1">1546601876430</td><td rowspan="1">20036</td></tr><tr class="failedeven"><td rowspan="1">com.training.sanity.tests.TestCaseID_CYTC_050</td><td><a href="#m17">testCase_ID_CYTC_050</a></td><td rowspan="1">1546601896472</td><td rowspan="1">20028</td></tr><tr><th colspan="4">Firefox Test &#8212; passed</th></tr><tr class="passedeven"><td rowspan="1">com.training.sanity.tests.AdminLogin</td><td><a href="#m18">adminLogin</a></td><td rowspan="1">1546601810064</td><td rowspan="1">6042</td></tr><tr class="passedodd"><td rowspan="1">com.training.sanity.tests.AdminLogout</td><td><a href="#m19">adminLogout</a></td><td rowspan="1">1546601837817</td><td rowspan="1">87</td></tr><tr class="passedeven"><td rowspan="1">com.training.sanity.tests.TestCaseID_CYTC_017</td><td><a href="#m20">testCase_ID_CYTC_017</a></td><td rowspan="1">1546601817431</td><td rowspan="1">6430</td></tr><tr class="passedodd"><td rowspan="1">com.training.sanity.tests.TestCaseID_CYTC_018</td><td><a href="#m21">testCase_ID_CYTC_018</a></td><td rowspan="1">1546601823863</td><td rowspan="1">4980</td></tr><tr class="passedeven"><td rowspan="1">com.training.sanity.tests.TestCaseID_CYTC_019</td><td><a href="#m22">testCase_ID_CYTC_019</a></td><td rowspan="1">1546601828845</td><td rowspan="1">3955</td></tr><tr class="passedodd"><td rowspan="1">com.training.sanity.tests.TestCaseID_CYTC_020</td><td><a href="#m23">testCase_ID_CYTC_020</a></td><td rowspan="1">1546601832803</td><td rowspan="1">5012</td></tr><tr class="passedeven"><td rowspan="1">com.training.sanity.tests.TestCaseID_CYTC_046</td><td><a href="#m24">testCase_ID_CYTC_046</a></td><td rowspan="1">1546601837912</td><td rowspan="1">10828</td></tr></tbody>
</table>
<h2>Chrome Test</h2><h3 id="m0">com.training.sanity.tests.TestCaseID_CYTC_016#testCase_ID_CYTC_016</h3><table class="result"><tr><th>Exception</th></tr><tr><td><div class="stacktrace">java.lang.IllegalMonitorStateException
	at java.lang.Object.wait(Native Method)
	at java.lang.Object.wait(Unknown Source)
	at com.training.sanity.tests.TestCaseID_CYTC_016.testCase_ID_CYTC_016(TestCaseID_CYTC_016.java:66)
... Removed 25 stack frames</div></td></tr></table><p class="totop"><a href="#summary">back to summary</a></p>
<h3 id="m1">com.training.sanity.tests.AdminLogin#adminLogin</h3><table class="result"><tr><th class="invisible"/></tr></table><p class="totop"><a href="#summary">back to summary</a></p>
<h3 id="m2">com.training.sanity.tests.AdminLogout#adminLogout</h3><table class="result"><tr><th class="invisible"/></tr></table><p class="totop"><a href="#summary">back to summary</a></p>
<h3 id="m3">com.training.sanity.tests.TestCaseID_CYTC_017#testCase_ID_CYTC_017</h3><table class="result"><tr><th class="invisible"/></tr></table><p class="totop"><a href="#summary">back to summary</a></p>
<h3 id="m4">com.training.sanity.tests.TestCaseID_CYTC_018#testCase_ID_CYTC_018</h3><table class="result"><tr><th class="invisible"/></tr></table><p class="totop"><a href="#summary">back to summary</a></p>
<h3 id="m5">com.training.sanity.tests.TestCaseID_CYTC_019#testCase_ID_CYTC_019</h3><table class="result"><tr><th class="invisible"/></tr></table><p class="totop"><a href="#summary">back to summary</a></p>
<h3 id="m6">com.training.sanity.tests.TestCaseID_CYTC_020#testCase_ID_CYTC_020</h3><table class="result"><tr><th class="invisible"/></tr></table><p class="totop"><a href="#summary">back to summary</a></p>
<h3 id="m7">com.training.sanity.tests.TestCaseID_CYTC_046#testCase_ID_CYTC_046</h3><table class="result"><tr><th class="invisible"/></tr></table><p class="totop"><a href="#summary">back to summary</a></p>
<h3 id="m8">com.training.sanity.tests.TestCaseID_CYTC_047#testCase_ID_CYTC_047</h3><table class="result"><tr><th class="invisible"/></tr></table><p class="totop"><a href="#summary">back to summary</a></p>
<h3 id="m9">com.training.sanity.tests.TestCaseID_CYTC_048#testCase_ID_CYTC_048</h3><table class="result"><tr><th class="invisible"/></tr></table><p class="totop"><a href="#summary">back to summary</a></p>
<h3 id="m10">com.training.sanity.tests.TestCaseID_CYTC_049#testCase_ID_CYTC_049</h3><table class="result"><tr><th class="invisible"/></tr></table><p class="totop"><a href="#summary">back to summary</a></p>
<h3 id="m11">com.training.sanity.tests.TestCaseID_CYTC_050#testCase_ID_CYTC_050</h3><table class="result"><tr><th class="invisible"/></tr></table><p class="totop"><a href="#summary">back to summary</a></p>
<h2>Firefox Test</h2><h3 id="m12">com.training.sanity.tests.AdminLogin#tearDown</h3><table class="result"><tr><th>Exception</th></tr><tr><td><div class="stacktrace">org.openqa.selenium.TimeoutException: Expected condition failed: waiting for presence of element located by: By.id: cyclosUsername (tried for 20 second(s) with 500 MILLISECONDS interval)
	at org.openqa.selenium.support.ui.WebDriverWait.timeoutException(WebDriverWait.java:82)
	at org.openqa.selenium.support.ui.FluentWait.until(FluentWait.java:231)
	at com.training.sanity.tests.AdminLogin.tearDown(AdminLogin.java:78)
Caused by: org.openqa.selenium.NoSuchElementException: Cannot locate an element using By.id: cyclosUsername
For documentation on this error, please visit: http://seleniumhq.org/exceptions/no_such_element.html
Build info: version: &apos;3.6.0&apos;, revision: &apos;6fbf3ec767&apos;, time: &apos;2017-09-27T15:28:36.4Z&apos;
System info: host: &apos;DESKTOP-5SL4C2D&apos;, ip: &apos;9.102.60.30&apos;, os.name: &apos;Windows 10&apos;, os.arch: &apos;amd64&apos;, os.version: &apos;10.0&apos;, java.version: &apos;1.8.0_191&apos;
Driver info: driver.version: unknown
	at org.openqa.selenium.support.ui.ExpectedConditions.lambda$findElement$0(ExpectedConditions.java:882)
	at java.util.Optional.orElseThrow(Unknown Source)
	at org.openqa.selenium.support.ui.ExpectedConditions.findElement(ExpectedConditions.java:881)
	at org.openqa.selenium.support.ui.ExpectedConditions.access$000(ExpectedConditions.java:43)
	at org.openqa.selenium.support.ui.ExpectedConditions$6.apply(ExpectedConditions.java:182)
	at org.openqa.selenium.support.ui.ExpectedConditions$6.apply(ExpectedConditions.java:179)
	at org.openqa.selenium.support.ui.FluentWait.until(FluentWait.java:208)
	... 25 more
... Removed 24 stack frames</div></td></tr></table><p class="totop"><a href="#summary">back to summary</a></p>
<h3 id="m13">com.training.sanity.tests.TestCaseID_CYTC_016#testCase_ID_CYTC_016</h3><table class="result"><tr><th>Exception</th></tr><tr><td><div class="stacktrace">java.lang.IllegalMonitorStateException
	at java.lang.Object.wait(Native Method)
	at java.lang.Object.wait(Unknown Source)
	at com.training.sanity.tests.TestCaseID_CYTC_016.testCase_ID_CYTC_016(TestCaseID_CYTC_016.java:66)
... Removed 25 stack frames</div></td></tr></table><p class="totop"><a href="#summary">back to summary</a></p>
<h3 id="m14">com.training.sanity.tests.TestCaseID_CYTC_047#testCase_ID_CYTC_047</h3><table class="result"><tr><th>Exception</th></tr><tr><td><div class="stacktrace">java.lang.AssertionError: expected [Scheduled payment details] but found [Bank Application  
You have already exceeded the maximum amount for transaction Trade transfer at 25/03/2019.]
	at com.training.sanity.tests.TestCaseID_CYTC_047.testCase_ID_CYTC_047(TestCaseID_CYTC_047.java:124)
... Removed 31 stack frames</div></td></tr></table><p class="totop"><a href="#summary">back to summary</a></p>
<h3 id="m15">com.training.sanity.tests.TestCaseID_CYTC_048#testCase_ID_CYTC_048</h3><table class="result"><tr><th>Exception</th></tr><tr><td><div class="stacktrace">org.openqa.selenium.NoSuchElementException: Unable to locate element: #cyclosUsername
For documentation on this error, please visit: http://seleniumhq.org/exceptions/no_such_element.html
Build info: version: &apos;3.6.0&apos;, revision: &apos;6fbf3ec767&apos;, time: &apos;2017-09-27T15:28:36.4Z&apos;
System info: host: &apos;DESKTOP-5SL4C2D&apos;, ip: &apos;9.102.60.30&apos;, os.name: &apos;Windows 10&apos;, os.arch: &apos;amd64&apos;, os.version: &apos;10.0&apos;, java.version: &apos;1.8.0_191&apos;
Driver info: org.openqa.selenium.firefox.FirefoxDriver
Capabilities [{moz:profile=C:\Users\SATISHKALE\AppData\Local\Temp\rust_mozprofile.kFRPp3knLwm2, rotatable=false, moz:geckodriverVersion=0.23.0, timeouts={implicit=0, pageLoad=300000, script=30000}, pageLoadStrategy=normal, unhandledPromptBehavior=dismiss and notify, moz:headless=false, platform=WINDOWS, moz:accessibilityChecks=false, moz:useNonSpecCompliantPointerOrigin=false, acceptInsecureCerts=true, browserVersion=64.0, moz:shutdownTimeout=60000, platformVersion=10.0, moz:processID=21440, browserName=firefox, javascriptEnabled=true, platformName=WINDOWS, setWindowRect=true, moz:webdriverClick=true}]
Session ID: fd818dc7-5825-487d-9242-e5815da4350e
*** Element info: {Using=id, value=cyclosUsername}
	at org.openqa.selenium.remote.http.W3CHttpResponseCodec.createException(W3CHttpResponseCodec.java:185)
	at org.openqa.selenium.remote.http.W3CHttpResponseCodec.decode(W3CHttpResponseCodec.java:120)
	at org.openqa.selenium.remote.http.W3CHttpResponseCodec.decode(W3CHttpResponseCodec.java:49)
	at org.openqa.selenium.remote.HttpCommandExecutor.execute(HttpCommandExecutor.java:164)
	at org.openqa.selenium.remote.service.DriverCommandExecutor.execute(DriverCommandExecutor.java:83)
	at org.openqa.selenium.remote.RemoteWebDriver.execute(RemoteWebDriver.java:586)
	at org.openqa.selenium.remote.RemoteWebDriver.findElement(RemoteWebDriver.java:356)
	at org.openqa.selenium.remote.RemoteWebDriver.findElementById(RemoteWebDriver.java:402)
	at org.openqa.selenium.By$ById.findElement(By.java:218)
	at org.openqa.selenium.remote.RemoteWebDriver.findElement(RemoteWebDriver.java:348)
	at org.openqa.selenium.support.pagefactory.DefaultElementLocator.findElement(DefaultElementLocator.java:69)
	at org.openqa.selenium.support.pagefactory.internal.LocatingElementHandler.invoke(LocatingElementHandler.java:38)
	at com.sun.proxy.$Proxy11.clear(Unknown Source)
	at com.training.pom.LoginPOM.sendUserName(LoginPOM.java:33)
	at com.training.pom.MemberHomePagePOM.memberLogin(MemberHomePagePOM.java:75)
	at com.training.sanity.tests.TestCaseID_CYTC_048.testCase_ID_CYTC_048(TestCaseID_CYTC_048.java:61)
... Removed 29 stack frames</div></td></tr></table><p class="totop"><a href="#summary">back to summary</a></p>
<h3 id="m16">com.training.sanity.tests.TestCaseID_CYTC_049#testCase_ID_CYTC_049</h3><table class="result"><tr><th>Exception</th></tr><tr><td><div class="stacktrace">org.openqa.selenium.NoSuchElementException: Unable to locate element: #cyclosUsername
For documentation on this error, please visit: http://seleniumhq.org/exceptions/no_such_element.html
Build info: version: &apos;3.6.0&apos;, revision: &apos;6fbf3ec767&apos;, time: &apos;2017-09-27T15:28:36.4Z&apos;
System info: host: &apos;DESKTOP-5SL4C2D&apos;, ip: &apos;9.102.60.30&apos;, os.name: &apos;Windows 10&apos;, os.arch: &apos;amd64&apos;, os.version: &apos;10.0&apos;, java.version: &apos;1.8.0_191&apos;
Driver info: org.openqa.selenium.firefox.FirefoxDriver
Capabilities [{moz:profile=C:\Users\SATISHKALE\AppData\Local\Temp\rust_mozprofile.kFRPp3knLwm2, rotatable=false, moz:geckodriverVersion=0.23.0, timeouts={implicit=0, pageLoad=300000, script=30000}, pageLoadStrategy=normal, unhandledPromptBehavior=dismiss and notify, moz:headless=false, platform=WINDOWS, moz:accessibilityChecks=false, moz:useNonSpecCompliantPointerOrigin=false, acceptInsecureCerts=true, browserVersion=64.0, moz:shutdownTimeout=60000, platformVersion=10.0, moz:processID=21440, browserName=firefox, javascriptEnabled=true, platformName=WINDOWS, setWindowRect=true, moz:webdriverClick=true}]
Session ID: fd818dc7-5825-487d-9242-e5815da4350e
*** Element info: {Using=id, value=cyclosUsername}
	at org.openqa.selenium.remote.http.W3CHttpResponseCodec.createException(W3CHttpResponseCodec.java:185)
	at org.openqa.selenium.remote.http.W3CHttpResponseCodec.decode(W3CHttpResponseCodec.java:120)
	at org.openqa.selenium.remote.http.W3CHttpResponseCodec.decode(W3CHttpResponseCodec.java:49)
	at org.openqa.selenium.remote.HttpCommandExecutor.execute(HttpCommandExecutor.java:164)
	at org.openqa.selenium.remote.service.DriverCommandExecutor.execute(DriverCommandExecutor.java:83)
	at org.openqa.selenium.remote.RemoteWebDriver.execute(RemoteWebDriver.java:586)
	at org.openqa.selenium.remote.RemoteWebDriver.findElement(RemoteWebDriver.java:356)
	at org.openqa.selenium.remote.RemoteWebDriver.findElementById(RemoteWebDriver.java:402)
	at org.openqa.selenium.By$ById.findElement(By.java:218)
	at org.openqa.selenium.remote.RemoteWebDriver.findElement(RemoteWebDriver.java:348)
	at org.openqa.selenium.support.pagefactory.DefaultElementLocator.findElement(DefaultElementLocator.java:69)
	at org.openqa.selenium.support.pagefactory.internal.LocatingElementHandler.invoke(LocatingElementHandler.java:38)
	at com.sun.proxy.$Proxy11.clear(Unknown Source)
	at com.training.pom.LoginPOM.sendUserName(LoginPOM.java:33)
	at com.training.pom.MemberHomePagePOM.memberLogin(MemberHomePagePOM.java:75)
	at com.training.sanity.tests.TestCaseID_CYTC_049.testCase_ID_CYTC_049(TestCaseID_CYTC_049.java:73)
... Removed 29 stack frames</div></td></tr></table><p class="totop"><a href="#summary">back to summary</a></p>
<h3 id="m17">com.training.sanity.tests.TestCaseID_CYTC_050#testCase_ID_CYTC_050</h3><table class="result"><tr><th>Exception</th></tr><tr><td><div class="stacktrace">org.openqa.selenium.NoSuchElementException: Unable to locate element: #cyclosUsername
For documentation on this error, please visit: http://seleniumhq.org/exceptions/no_such_element.html
Build info: version: &apos;3.6.0&apos;, revision: &apos;6fbf3ec767&apos;, time: &apos;2017-09-27T15:28:36.4Z&apos;
System info: host: &apos;DESKTOP-5SL4C2D&apos;, ip: &apos;9.102.60.30&apos;, os.name: &apos;Windows 10&apos;, os.arch: &apos;amd64&apos;, os.version: &apos;10.0&apos;, java.version: &apos;1.8.0_191&apos;
Driver info: org.openqa.selenium.firefox.FirefoxDriver
Capabilities [{moz:profile=C:\Users\SATISHKALE\AppData\Local\Temp\rust_mozprofile.kFRPp3knLwm2, rotatable=false, moz:geckodriverVersion=0.23.0, timeouts={implicit=0, pageLoad=300000, script=30000}, pageLoadStrategy=normal, unhandledPromptBehavior=dismiss and notify, moz:headless=false, platform=WINDOWS, moz:accessibilityChecks=false, moz:useNonSpecCompliantPointerOrigin=false, acceptInsecureCerts=true, browserVersion=64.0, moz:shutdownTimeout=60000, platformVersion=10.0, moz:processID=21440, browserName=firefox, javascriptEnabled=true, platformName=WINDOWS, setWindowRect=true, moz:webdriverClick=true}]
Session ID: fd818dc7-5825-487d-9242-e5815da4350e
*** Element info: {Using=id, value=cyclosUsername}
	at org.openqa.selenium.remote.http.W3CHttpResponseCodec.createException(W3CHttpResponseCodec.java:185)
	at org.openqa.selenium.remote.http.W3CHttpResponseCodec.decode(W3CHttpResponseCodec.java:120)
	at org.openqa.selenium.remote.http.W3CHttpResponseCodec.decode(W3CHttpResponseCodec.java:49)
	at org.openqa.selenium.remote.HttpCommandExecutor.execute(HttpCommandExecutor.java:164)
	at org.openqa.selenium.remote.service.DriverCommandExecutor.execute(DriverCommandExecutor.java:83)
	at org.openqa.selenium.remote.RemoteWebDriver.execute(RemoteWebDriver.java:586)
	at org.openqa.selenium.remote.RemoteWebDriver.findElement(RemoteWebDriver.java:356)
	at org.openqa.selenium.remote.RemoteWebDriver.findElementById(RemoteWebDriver.java:402)
	at org.openqa.selenium.By$ById.findElement(By.java:218)
	at org.openqa.selenium.remote.RemoteWebDriver.findElement(RemoteWebDriver.java:348)
	at org.openqa.selenium.support.pagefactory.DefaultElementLocator.findElement(DefaultElementLocator.java:69)
	at org.openqa.selenium.support.pagefactory.internal.LocatingElementHandler.invoke(LocatingElementHandler.java:38)
	at com.sun.proxy.$Proxy11.clear(Unknown Source)
	at com.training.pom.LoginPOM.sendUserName(LoginPOM.java:33)
	at com.training.pom.MemberHomePagePOM.memberLogin(MemberHomePagePOM.java:75)
	at com.training.sanity.tests.TestCaseID_CYTC_050.testCase_ID_CYTC_050(TestCaseID_CYTC_050.java:66)
... Removed 29 stack frames</div></td></tr></table><p class="totop"><a href="#summary">back to summary</a></p>
<h3 id="m18">com.training.sanity.tests.AdminLogin#adminLogin</h3><table class="result"><tr><th class="invisible"/></tr></table><p class="totop"><a href="#summary">back to summary</a></p>
<h3 id="m19">com.training.sanity.tests.AdminLogout#adminLogout</h3><table class="result"><tr><th class="invisible"/></tr></table><p class="totop"><a href="#summary">back to summary</a></p>
<h3 id="m20">com.training.sanity.tests.TestCaseID_CYTC_017#testCase_ID_CYTC_017</h3><table class="result"><tr><th class="invisible"/></tr></table><p class="totop"><a href="#summary">back to summary</a></p>
<h3 id="m21">com.training.sanity.tests.TestCaseID_CYTC_018#testCase_ID_CYTC_018</h3><table class="result"><tr><th class="invisible"/></tr></table><p class="totop"><a href="#summary">back to summary</a></p>
<h3 id="m22">com.training.sanity.tests.TestCaseID_CYTC_019#testCase_ID_CYTC_019</h3><table class="result"><tr><th class="invisible"/></tr></table><p class="totop"><a href="#summary">back to summary</a></p>
<h3 id="m23">com.training.sanity.tests.TestCaseID_CYTC_020#testCase_ID_CYTC_020</h3><table class="result"><tr><th class="invisible"/></tr></table><p class="totop"><a href="#summary">back to summary</a></p>
<h3 id="m24">com.training.sanity.tests.TestCaseID_CYTC_046#testCase_ID_CYTC_046</h3><table class="result"><tr><th class="invisible"/></tr></table><p class="totop"><a href="#summary">back to summary</a></p>
</body>
</html>
